{"/home/pingu/github/full-stack-livestream-mvp/app-stack/frontend/src/components/HitTable.vue": {"path":"/home/pingu/github/full-stack-livestream-mvp/app-stack/frontend/src/components/HitTable.vue","all":false,"statementMap":{"1":{"start":{"line":2,"column":0},"end":{"line":2,"column":7}},"2":{"start":{"line":3,"column":0},"end":{"line":3,"column":29}},"3":{"start":{"line":4,"column":0},"end":{"line":4,"column":30}},"4":{"start":{"line":5,"column":0},"end":{"line":5,"column":13}},"5":{"start":{"line":6,"column":0},"end":{"line":6,"column":12}},"6":{"start":{"line":7,"column":0},"end":{"line":7,"column":24}},"7":{"start":{"line":8,"column":0},"end":{"line":8,"column":24}},"8":{"start":{"line":9,"column":0},"end":{"line":9,"column":13}},"9":{"start":{"line":10,"column":0},"end":{"line":10,"column":14}},"10":{"start":{"line":11,"column":0},"end":{"line":11,"column":13}},"11":{"start":{"line":12,"column":0},"end":{"line":12,"column":49}},"12":{"start":{"line":13,"column":0},"end":{"line":13,"column":34}},"13":{"start":{"line":14,"column":0},"end":{"line":14,"column":34}},"14":{"start":{"line":15,"column":0},"end":{"line":15,"column":13}},"15":{"start":{"line":16,"column":0},"end":{"line":16,"column":14}},"16":{"start":{"line":17,"column":0},"end":{"line":17,"column":12}},"17":{"start":{"line":18,"column":0},"end":{"line":18,"column":32}},"18":{"start":{"line":19,"column":0},"end":{"line":19,"column":8}},"22":{"start":{"line":23,"column":0},"end":{"line":23,"column":36}},"24":{"start":{"line":25,"column":0},"end":{"line":25,"column":20}},"26":{"start":{"line":27,"column":0},"end":{"line":27,"column":23}},"27":{"start":{"line":28,"column":0},"end":{"line":28,"column":7}},"28":{"start":{"line":29,"column":0},"end":{"line":29,"column":36}},"29":{"start":{"line":30,"column":0},"end":{"line":30,"column":17}},"30":{"start":{"line":31,"column":0},"end":{"line":31,"column":35}},"31":{"start":{"line":32,"column":0},"end":{"line":32,"column":5}},"32":{"start":{"line":33,"column":0},"end":{"line":33,"column":15}},"33":{"start":{"line":34,"column":0},"end":{"line":34,"column":19}},"34":{"start":{"line":35,"column":0},"end":{"line":35,"column":3}},"35":{"start":{"line":36,"column":0},"end":{"line":36,"column":2}}},"s":{"1":1,"2":1,"3":1,"4":1,"5":1,"6":1,"7":1,"8":1,"9":1,"10":1,"11":1,"12":1,"13":1,"14":1,"15":1,"16":1,"17":1,"18":1,"22":1,"24":1,"26":1,"27":3,"28":3,"29":2,"30":2,"31":2,"32":3,"33":1,"34":1,"35":3},"branchMap":{"0":{"type":"branch","line":27,"loc":{"start":{"line":27,"column":10},"end":{"line":36,"column":2}},"locations":[{"start":{"line":27,"column":10},"end":{"line":36,"column":2}}]},"1":{"type":"branch","line":29,"loc":{"start":{"line":29,"column":35},"end":{"line":32,"column":5}},"locations":[{"start":{"line":29,"column":35},"end":{"line":32,"column":5}}]},"2":{"type":"branch","line":33,"loc":{"start":{"line":33,"column":4},"end":{"line":35,"column":3}},"locations":[{"start":{"line":33,"column":4},"end":{"line":35,"column":3}}]},"3":{"type":"branch","line":3,"loc":{"start":{"line":3,"column":4},"end":{"line":3,"column":29}},"locations":[{"start":{"line":3,"column":4},"end":{"line":3,"column":29}}]},"4":{"type":"branch","line":18,"loc":{"start":{"line":18,"column":4},"end":{"line":18,"column":32}},"locations":[{"start":{"line":18,"column":4},"end":{"line":18,"column":32}}]}},"b":{"0":[3],"1":[2],"2":[1],"3":[3],"4":[5]},"fnMap":{},"f":{}}
}
